<?xml version="1.0" encoding="UTF-8"?>
<!-- Generated by org.testng.reporters.JUnitReportReporter -->
<testsuite hostname="DESKTOP-0NVAA7R" failures="0" tests="1" name="com.tests.LoginTest" time="4.726" errors="0" timestamp="01 Oct 2022 11:26:09 GMT" skipped="0">
  <testcase classname="com.tests.LoginTest" name="logIn" time="4.726"/>
</testsuite> <!-- com.tests.LoginTest -->
