<?xml version="1.0" encoding="UTF-8"?>
<!-- Generated by org.testng.reporters.JUnitReportReporter -->
<testsuite hostname="DESKTOP-0NVAA7R" failures="0" tests="3" name="com.tests.LoginIntoApplication" time="15.230" errors="0" timestamp="2022-10-02T10:28:27 IST" skipped="0">
  <testcase classname="com.tests.LoginIntoApplication" name="LogOut" time="4.331"/>
  <system-out/>
  <testcase classname="com.tests.LoginIntoApplication" name="Inspection" time="6.400"/>
  <system-out/>
  <testcase classname="com.tests.LoginIntoApplication" name="Login" time="4.499"/>
  <system-out/>
</testsuite> <!-- com.tests.LoginIntoApplication -->
