<?xml version="1.0" encoding="UTF-8"?>
<!-- Generated by org.testng.reporters.JUnitReportReporter -->
<testsuite hostname="DESKTOP-0NVAA7R" failures="0" tests="3" name="com.tests.LoginIntoApplication" time="12.652" errors="0" timestamp="2022-10-01T17:40:54 IST" skipped="0">
  <testcase classname="com.tests.LoginIntoApplication" name="LogOut" time="3.748"/>
  <system-out/>
  <testcase classname="com.tests.LoginIntoApplication" name="Inspection" time="4.939"/>
  <system-out/>
  <testcase classname="com.tests.LoginIntoApplication" name="Login" time="3.965"/>
  <system-out/>
</testsuite> <!-- com.tests.LoginIntoApplication -->
